Build started 27/04/2016 13:37:52.
     1>Project "C:\Users\ctalbot\Documents\Visual Studio 2013\Projects\Slasher\Slasher\Slasher.vcxproj" on node 2 (Build target(s)).
     1>ClCompile:
         C:\Program Files (x86)\Microsoft Visual Studio 12.0\VC\bin\x86_amd64\CL.exe /c /I"C:\Program Files\SFML\SFML-2.3.2\include" /Zi /nologo /W3 /WX- /sdl /Od /D SFML_STATIC /D _MBCS /Gm /EHsc /RTC1 /MDd /GS /fp:precise /Zc:wchar_t /Zc:forScope /Fo"x64\Debug\\" /Fd"x64\Debug\vc120.pdb" /Gd /TP /errorReport:prompt actor.cpp drawable.cpp drawableCircle.cpp drawableRectangle.cpp game.cpp
         game.cpp
     1>c:\users\ctalbot\documents\visual studio 2013\projects\slasher\slasher\drawable.h(38): error C2535: 'void Drawable::draw(sf::RenderWindow &)' : member function already defined or declared
                 c:\users\ctalbot\documents\visual studio 2013\projects\slasher\slasher\drawable.h(10) : see declaration of 'Drawable::draw'
     1>game.cpp(18): error C2661: 'Actor::Actor' : no overloaded function takes 2 arguments
         drawableRectangle.cpp
     1>c:\users\ctalbot\documents\visual studio 2013\projects\slasher\slasher\drawable.h(38): error C2535: 'void Drawable::draw(sf::RenderWindow &)' : member function already defined or declared
                 c:\users\ctalbot\documents\visual studio 2013\projects\slasher\slasher\drawable.h(10) : see declaration of 'Drawable::draw'
         drawableCircle.cpp
     1>c:\users\ctalbot\documents\visual studio 2013\projects\slasher\slasher\drawable.h(38): error C2535: 'void Drawable::draw(sf::RenderWindow &)' : member function already defined or declared
                 c:\users\ctalbot\documents\visual studio 2013\projects\slasher\slasher\drawable.h(10) : see declaration of 'Drawable::draw'
     1>drawableCircle.cpp(8): error C2065: 'position' : undeclared identifier
     1>drawableCircle.cpp(8): error C2228: left of '.x' must have class/struct/union
                 type is 'unknown-type'
     1>drawableCircle.cpp(8): error C2228: left of '.y' must have class/struct/union
                 type is 'unknown-type'
     1>drawableCircle.cpp(16): error C2065: 'position' : undeclared identifier
     1>drawableCircle.cpp(16): error C2228: left of '.x' must have class/struct/union
                 type is 'unknown-type'
     1>drawableCircle.cpp(16): error C2228: left of '.y' must have class/struct/union
                 type is 'unknown-type'
     1>drawableCircle.cpp(25): error C2039: 'setPosition' : is not a member of 'DrawableCircle'
                 c:\users\ctalbot\documents\visual studio 2013\projects\slasher\slasher\drawableCircle.h(6) : see declaration of 'DrawableCircle'
     1>drawableCircle.cpp(27): error C2039: 'setPosition' : is not a member of 'Drawable'
                 c:\users\ctalbot\documents\visual studio 2013\projects\slasher\slasher\drawable.h(7) : see declaration of 'Drawable'
     1>drawableCircle.cpp(28): error C2065: 'shape' : undeclared identifier
     1>drawableCircle.cpp(28): error C2228: left of '.setPosition' must have class/struct/union
                 type is 'unknown-type'
     1>drawableCircle.cpp(31): error C2039: 'setPosition' : is not a member of 'DrawableCircle'
                 c:\users\ctalbot\documents\visual studio 2013\projects\slasher\slasher\drawableCircle.h(6) : see declaration of 'DrawableCircle'
     1>drawableCircle.cpp(33): error C2039: 'setPosition' : is not a member of 'Drawable'
                 c:\users\ctalbot\documents\visual studio 2013\projects\slasher\slasher\drawable.h(7) : see declaration of 'Drawable'
     1>drawableCircle.cpp(34): error C2065: 'shape' : undeclared identifier
     1>drawableCircle.cpp(34): error C2228: left of '.setPosition' must have class/struct/union
                 type is 'unknown-type'
     1>drawableCircle.cpp(34): error C2065: 'position' : undeclared identifier
     1>drawableCircle.cpp(34): error C2228: left of '.x' must have class/struct/union
                 type is 'unknown-type'
     1>drawableCircle.cpp(34): error C2228: left of '.y' must have class/struct/union
                 type is 'unknown-type'
     1>drawableCircle.cpp(37): error C2039: 'setPositionX' : is not a member of 'DrawableCircle'
                 c:\users\ctalbot\documents\visual studio 2013\projects\slasher\slasher\drawableCircle.h(6) : see declaration of 'DrawableCircle'
     1>drawableCircle.cpp(39): error C2039: 'setPositionX' : is not a member of 'Drawable'
                 c:\users\ctalbot\documents\visual studio 2013\projects\slasher\slasher\drawable.h(7) : see declaration of 'Drawable'
     1>drawableCircle.cpp(40): error C2065: 'shape' : undeclared identifier
     1>drawableCircle.cpp(40): error C2228: left of '.setPosition' must have class/struct/union
                 type is 'unknown-type'
     1>drawableCircle.cpp(40): error C2065: 'position' : undeclared identifier
     1>drawableCircle.cpp(40): error C2228: left of '.y' must have class/struct/union
                 type is 'unknown-type'
     1>drawableCircle.cpp(43): error C2039: 'setPositionY' : is not a member of 'DrawableCircle'
                 c:\users\ctalbot\documents\visual studio 2013\projects\slasher\slasher\drawableCircle.h(6) : see declaration of 'DrawableCircle'
     1>drawableCircle.cpp(45): error C2039: 'setPositionY' : is not a member of 'Drawable'
                 c:\users\ctalbot\documents\visual studio 2013\projects\slasher\slasher\drawable.h(7) : see declaration of 'Drawable'
     1>drawableCircle.cpp(46): error C2065: 'shape' : undeclared identifier
     1>drawableCircle.cpp(46): error C2228: left of '.setPosition' must have class/struct/union
                 type is 'unknown-type'
     1>drawableCircle.cpp(46): error C2065: 'position' : undeclared identifier
     1>drawableCircle.cpp(46): error C2228: left of '.x' must have class/struct/union
                 type is 'unknown-type'
         drawable.cpp
     1>c:\users\ctalbot\documents\visual studio 2013\projects\slasher\slasher\drawable.h(38): error C2535: 'void Drawable::draw(sf::RenderWindow &)' : member function already defined or declared
                 c:\users\ctalbot\documents\visual studio 2013\projects\slasher\slasher\drawable.h(10) : see declaration of 'Drawable::draw'
         actor.cpp
     1>c:\users\ctalbot\documents\visual studio 2013\projects\slasher\slasher\drawable.h(38): error C2535: 'void Drawable::draw(sf::RenderWindow &)' : member function already defined or declared
                 c:\users\ctalbot\documents\visual studio 2013\projects\slasher\slasher\drawable.h(10) : see declaration of 'Drawable::draw'
         Generating Code...
     1>Done Building Project "C:\Users\ctalbot\Documents\Visual Studio 2013\Projects\Slasher\Slasher\Slasher.vcxproj" (Build target(s)) -- FAILED.

Build FAILED.

Time Elapsed 00:00:04.03
